Arguments: 
  /Users/craigtaub/.asdf/installs/nodejs/12.6.0/bin/node /Users/craigtaub/.asdf/installs/nodejs/12.6.0/.npm/bin/yarn run test

PATH: 
  /Users/craigtaub/Documents/javascript/delete/mocha-tests/mocha-examples/packages/react-webpack/node_modules/.bin:/Users/craigtaub/Documents/javascript/delete/mocha-tests/mocha-examples/packages/node_modules/.bin:/Users/craigtaub/Documents/javascript/delete/mocha-tests/mocha-examples/node_modules/.bin:/Users/craigtaub/Documents/javascript/delete/mocha-tests/node_modules/.bin:/Users/craigtaub/Documents/javascript/delete/node_modules/.bin:/Users/craigtaub/Documents/javascript/node_modules/.bin:/Users/craigtaub/Documents/node_modules/.bin:/Users/craigtaub/node_modules/.bin:/Users/node_modules/.bin:/node_modules/.bin:/Users/craigtaub/.asdf/installs/nodejs/12.6.0/bin:/Users/craigtaub/.asdf/installs/nodejs/12.6.0/lib/node_modules/npm/node_modules/npm-lifecycle/node-gyp-bin:/Users/craigtaub/Documents/javascript/delete/mocha-tests/mocha-examples/node_modules/.bin:/Users/craigtaub/.asdf/installs/nodejs/12.6.0/bin:/Users/craigtaub/.asdf/installs/nodejs/12.6.0/.npm/bin::/Users/craigtaub/.asdf/shims:/Users/craigtaub/.asdf/bin:./node_modules/.bin:/Library/Frameworks/Python.framework/Versions/3.6/bin:/usr/local/bin:/usr/bin:/bin:/usr/sbin:/sbin:/Applications/Wireshark.app/Contents/MacOS:./node_modules/.bin:/Library/Frameworks/Python.framework/Versions/3.6/bin

Yarn version: 
  1.16.0

Node version: 
  12.6.0

Platform: 
  darwin x64

Trace: 
  SyntaxError: /Users/craigtaub/Documents/javascript/delete/mocha-tests/mocha-examples/packages/package.json: Unexpected end of JSON input
      at JSON.parse (<anonymous>)
      at /Users/craigtaub/.asdf/installs/nodejs/12.6.0/.npm/lib/node_modules/yarn/lib/cli.js:1625:59
      at Generator.next (<anonymous>)
      at step (/Users/craigtaub/.asdf/installs/nodejs/12.6.0/.npm/lib/node_modules/yarn/lib/cli.js:304:30)
      at /Users/craigtaub/.asdf/installs/nodejs/12.6.0/.npm/lib/node_modules/yarn/lib/cli.js:315:13

npm manifest: 
  {
    "name": "example-react-webpack-app",
    "version": "1.0.0",
    "description": "React Webpack example",
    "main": "src/index.js",
    "browser": "lib/index_bundle.js",
    "scripts": {
      "build": "webpack",
      "start": "npm run build && opn index.html",
      "test": "mocha"
    },
    "directories": {
      "lib": "./lib",
      "src": "./src",
      "test": "./test"
    },
    "dependencies": {
      "opn-cli": "^4.0.0",
      "react": "^16.8.3",
      "react-dom": "^16.8.3"
    },
    "devDependencies": {
      "@babel/cli": "^7.2.3",
      "@babel/core": "^7.3.4",
      "@babel/preset-env": "^7.3.4",
      "@babel/preset-react": "^7.0.0",
      "@babel/register": "^7.0.0",
      "babel-loader": "^8.0.5",
      "chai": "^4.2.0",
      "enzyme": "^3.9.0",
      "enzyme-adapter-react-16": "^1.10.0",
      "mocha": "^6.2.1",
      "webpack": "^4.29.5",
      "webpack-cli": "^3.2.3"
    },
    "engines": {
      "node": ">=10.0.0"
    },
    "license": "ISC"
  }

yarn manifest: 
  No manifest

Lockfile: 
  No lockfile
