Arguments: 
  /Users/craigtaub/.asdf/installs/nodejs/12.6.0/bin/node /Users/craigtaub/.asdf/installs/nodejs/12.6.0/.npm/bin/yarn run test

PATH: 
  /Users/craigtaub/Documents/javascript/delete/mocha-tests/mocha-examples/packages/karma/node_modules/.bin:/Users/craigtaub/Documents/javascript/delete/mocha-tests/mocha-examples/packages/node_modules/.bin:/Users/craigtaub/Documents/javascript/delete/mocha-tests/mocha-examples/node_modules/.bin:/Users/craigtaub/Documents/javascript/delete/mocha-tests/node_modules/.bin:/Users/craigtaub/Documents/javascript/delete/node_modules/.bin:/Users/craigtaub/Documents/javascript/node_modules/.bin:/Users/craigtaub/Documents/node_modules/.bin:/Users/craigtaub/node_modules/.bin:/Users/node_modules/.bin:/node_modules/.bin:/Users/craigtaub/.asdf/installs/nodejs/12.6.0/bin:/Users/craigtaub/.asdf/installs/nodejs/12.6.0/lib/node_modules/npm/node_modules/npm-lifecycle/node-gyp-bin:/Users/craigtaub/Documents/javascript/delete/mocha-tests/mocha-examples/node_modules/.bin:/Users/craigtaub/.asdf/installs/nodejs/12.6.0/bin:/Users/craigtaub/.asdf/installs/nodejs/12.6.0/.npm/bin::/Users/craigtaub/.asdf/shims:/Users/craigtaub/.asdf/bin:./node_modules/.bin:/Library/Frameworks/Python.framework/Versions/3.6/bin:/usr/local/bin:/usr/bin:/bin:/usr/sbin:/sbin:/Applications/Wireshark.app/Contents/MacOS:./node_modules/.bin:/Library/Frameworks/Python.framework/Versions/3.6/bin

Yarn version: 
  1.16.0

Node version: 
  12.6.0

Platform: 
  darwin x64

Trace: 
  SyntaxError: /Users/craigtaub/Documents/javascript/delete/mocha-tests/mocha-examples/packages/package.json: Unexpected end of JSON input
      at JSON.parse (<anonymous>)
      at /Users/craigtaub/.asdf/installs/nodejs/12.6.0/.npm/lib/node_modules/yarn/lib/cli.js:1625:59
      at Generator.next (<anonymous>)
      at step (/Users/craigtaub/.asdf/installs/nodejs/12.6.0/.npm/lib/node_modules/yarn/lib/cli.js:304:30)
      at /Users/craigtaub/.asdf/installs/nodejs/12.6.0/.npm/lib/node_modules/yarn/lib/cli.js:315:13

npm manifest: 
  {
    "name": "example-karma-app",
    "version": "1.0.0",
    "description": "Karma example",
    "scripts": {
      "start": "open-cli src/index.html",
      "test": "karma start --single-run",
      "test:debug": "karma start"
    },
    "directories": {
      "lib": "./src",
      "test": "./test"
    },
    "devDependencies": {
      "chai": "^4.2.0",
      "karma": "^4.2.0",
      "karma-chai": "^0.1.0",
      "karma-chrome-launcher": "^3.0.0",
      "karma-firefox-launcher": "^1.1.0",
      "karma-mocha": "^1.3.0",
      "mocha": "^6.2.1"
    },
    "engines": {
      "node": ">=10.0.0"
    },
    "license": "ISC",
    "dependencies": {
      "open-cli": "^5.0.0"
    }
  }

yarn manifest: 
  No manifest

Lockfile: 
  No lockfile
